<?xml version="1.0" encoding="UTF-8"?>
<testng-results ignored="0" total="2" passed="2" failed="0" skipped="0">
  <reporter-output>
  </reporter-output>
  <suite started-at="2023-01-19T12:36:43 IST" name="Default suite" finished-at="2023-01-19T12:50:43 IST" duration-ms="840818">
    <groups>
      <group name="cucumber">
        <method signature="AbstractTestNGCucumberTests.runScenario(io.cucumber.testng.PickleWrapper,io.cucumber.testng.FeatureWrapper)[pri:0, instance:com.celtic.automation.cmcs.testrunner.ParallelTestRunner@411f53a0]" name="runScenario" class="io.cucumber.testng.AbstractTestNGCucumberTests"/>
      </group> <!-- cucumber -->
    </groups>
    <test started-at="2023-01-19T12:36:43 IST" name="Default test" finished-at="2023-01-19T12:50:43 IST" duration-ms="840818">
      <class name="com.celtic.automation.cmcs.testrunner.ParallelTestRunner">
        <test-method is-config="true" signature="setUpClass(org.testng.ITestContext)[pri:0, instance:com.celtic.automation.cmcs.testrunner.ParallelTestRunner@411f53a0]" started-at="2023-01-19T12:36:43 IST" name="setUpClass" finished-at="2023-01-19T12:36:43 IST" duration-ms="586" status="PASS">
          <params>
            <param index="0">
              <value>
                <![CDATA[org.testng.TestRunner@29079032]]>
              </value>
            </param>
          </params>
          <reporter-output>
          </reporter-output>
        </test-method> <!-- setUpClass -->
        <test-method signature="runScenario(io.cucumber.testng.PickleWrapper,io.cucumber.testng.FeatureWrapper)[pri:0, instance:com.celtic.automation.cmcs.testrunner.ParallelTestRunner@411f53a0]" started-at="2023-01-19T12:36:43 IST" name="runScenario" description="Runs Cucumber Scenarios" data-provider="scenarios" finished-at="2023-01-19T12:49:00 IST" duration-ms="736791" status="PASS">
          <params>
            <param index="0">
              <value>
                <![CDATA["Straight Renewal of the fleet which is about to expire edge"]]>
              </value>
            </param>
            <param index="1">
              <value>
                <![CDATA["Straight Renewal Fleet which is about to expire"]]>
              </value>
            </param>
          </params>
          <reporter-output>
          </reporter-output>
        </test-method> <!-- runScenario -->
        <test-method signature="runScenario(io.cucumber.testng.PickleWrapper,io.cucumber.testng.FeatureWrapper)[pri:0, instance:com.celtic.automation.cmcs.testrunner.ParallelTestRunner@411f53a0]" started-at="2023-01-19T12:36:43 IST" name="runScenario" description="Runs Cucumber Scenarios" data-provider="scenarios" finished-at="2023-01-19T12:50:21 IST" duration-ms="817512" status="PASS">
          <params>
            <param index="0">
              <value>
                <![CDATA["IRP Renew fleet chrome"]]>
              </value>
            </param>
            <param index="1">
              <value>
                <![CDATA["Renew Fleet feature"]]>
              </value>
            </param>
          </params>
          <reporter-output>
          </reporter-output>
        </test-method> <!-- runScenario -->
        <test-method is-config="true" signature="tearDownClass()[pri:0, instance:com.celtic.automation.cmcs.testrunner.ParallelTestRunner@411f53a0]" started-at="2023-01-19T12:50:21 IST" name="tearDownClass" finished-at="2023-01-19T12:50:43 IST" duration-ms="22694" status="PASS">
          <reporter-output>
          </reporter-output>
        </test-method> <!-- tearDownClass -->
      </class> <!-- com.celtic.automation.cmcs.testrunner.ParallelTestRunner -->
    </test> <!-- Default test -->
  </suite> <!-- Default suite -->
</testng-results>
